Using TensorFlow backend.
2018-01-18 16:30:05,302 : INFO : load: Loading data from `./data/dataset/P3_vaccine-twitter-data.tsv` - Annotations stored in `./data/dataset/TweetsAnnotation.txt`
2018-01-18 16:30:16,559 : INFO : utils: Function 'load' took :  11.26s
2018-01-18 16:30:16,627 : INFO : main: Apply preprocessing without Spell Checker...
2018-01-18 16:30:17,249 : INFO : feature_extraction: Computed ngrams feature matrix with range (1, 2) - Resulting shape : (4636, 41839)
2018-01-18 16:30:17,255 : INFO : feature_extraction: Performing search trough sentiment lexicon for each tweet. This might take a while...
2018-01-18 16:30:26,603 : INFO : feature_extraction: Computed bing liu sentiment word feature matrix - Resulting shape : (4636, 689)
2018-01-18 16:30:26,697 : INFO : feature_extraction: Computed negated word feature matrix - Resulting shape : (4636, 430)
2018-01-18 16:30:26,712 : INFO : feature_extraction: Concatenated features - Resulting shape : (4636, 42958)
2018-01-18 16:30:26,712 : INFO : classification: Encoding labels for hierarchical task...
2018-01-18 16:30:26,724 : INFO : classification: Starting Cross Validation process...
2018-01-18 16:30:26,734 : INFO : classification: Fold 0

/usr/local/lib/python3.5/dist-packages/sklearn/metrics/classification.py:1135: UndefinedMetricWarning: Precision and F-score are ill-defined and being set to 0.0 in labels with no predicted samples.
  'precision', 'predicted', average, warn_for)
/usr/local/lib/python3.5/dist-packages/sklearn/metrics/classification.py:1137: UndefinedMetricWarning: Recall and F-score are ill-defined and being set to 0.0 in labels with no true samples.
  'recall', 'true', average, warn_for)
2018-01-18 16:30:34,882 : INFO : classification: Fold 1

/usr/local/lib/python3.5/dist-packages/sklearn/metrics/classification.py:1137: UndefinedMetricWarning: Recall and F-score are ill-defined and being set to 0.0 in labels with no true samples.
  'recall', 'true', average, warn_for)
2018-01-18 16:30:41,242 : INFO : classification: Fold 2

/usr/local/lib/python3.5/dist-packages/sklearn/metrics/classification.py:1135: UndefinedMetricWarning: Precision and F-score are ill-defined and being set to 0.0 in labels with no predicted samples.
  'precision', 'predicted', average, warn_for)
/usr/local/lib/python3.5/dist-packages/sklearn/metrics/classification.py:1137: UndefinedMetricWarning: Recall and F-score are ill-defined and being set to 0.0 in labels with no true samples.
  'recall', 'true', average, warn_for)
2018-01-18 16:30:47,725 : INFO : classification: Fold 3

/usr/local/lib/python3.5/dist-packages/sklearn/metrics/classification.py:1135: UndefinedMetricWarning: Precision and F-score are ill-defined and being set to 0.0 in labels with no predicted samples.
  'precision', 'predicted', average, warn_for)
/usr/local/lib/python3.5/dist-packages/sklearn/metrics/classification.py:1137: UndefinedMetricWarning: Recall and F-score are ill-defined and being set to 0.0 in labels with no true samples.
  'recall', 'true', average, warn_for)
2018-01-18 16:30:54,151 : INFO : classification: Fold 4

/usr/local/lib/python3.5/dist-packages/sklearn/metrics/classification.py:1135: UndefinedMetricWarning: Precision and F-score are ill-defined and being set to 0.0 in labels with no predicted samples.
  'precision', 'predicted', average, warn_for)
/usr/local/lib/python3.5/dist-packages/sklearn/metrics/classification.py:1137: UndefinedMetricWarning: Recall and F-score are ill-defined and being set to 0.0 in labels with no true samples.
  'recall', 'true', average, warn_for)
2018-01-18 16:31:01,361 : INFO : classification: Fold 5

/usr/local/lib/python3.5/dist-packages/sklearn/metrics/classification.py:1135: UndefinedMetricWarning: Precision and F-score are ill-defined and being set to 0.0 in labels with no predicted samples.
  'precision', 'predicted', average, warn_for)
/usr/local/lib/python3.5/dist-packages/sklearn/metrics/classification.py:1137: UndefinedMetricWarning: Recall and F-score are ill-defined and being set to 0.0 in labels with no true samples.
  'recall', 'true', average, warn_for)
2018-01-18 16:31:08,424 : INFO : classification: Fold 6

/usr/local/lib/python3.5/dist-packages/sklearn/metrics/classification.py:1135: UndefinedMetricWarning: Precision and F-score are ill-defined and being set to 0.0 in labels with no predicted samples.
  'precision', 'predicted', average, warn_for)
/usr/local/lib/python3.5/dist-packages/sklearn/metrics/classification.py:1137: UndefinedMetricWarning: Recall and F-score are ill-defined and being set to 0.0 in labels with no true samples.
  'recall', 'true', average, warn_for)
2018-01-18 16:31:15,627 : INFO : classification: Fold 7

/usr/local/lib/python3.5/dist-packages/sklearn/metrics/classification.py:1135: UndefinedMetricWarning: Precision and F-score are ill-defined and being set to 0.0 in labels with no predicted samples.
  'precision', 'predicted', average, warn_for)
/usr/local/lib/python3.5/dist-packages/sklearn/metrics/classification.py:1137: UndefinedMetricWarning: Recall and F-score are ill-defined and being set to 0.0 in labels with no true samples.
  'recall', 'true', average, warn_for)
2018-01-18 16:31:22,823 : INFO : classification: Fold 8

/usr/local/lib/python3.5/dist-packages/sklearn/metrics/classification.py:1135: UndefinedMetricWarning: Precision and F-score are ill-defined and being set to 0.0 in labels with no predicted samples.
  'precision', 'predicted', average, warn_for)
/usr/local/lib/python3.5/dist-packages/sklearn/metrics/classification.py:1137: UndefinedMetricWarning: Recall and F-score are ill-defined and being set to 0.0 in labels with no true samples.
  'recall', 'true', average, warn_for)
2018-01-18 16:31:29,431 : INFO : classification: Fold 9

/usr/local/lib/python3.5/dist-packages/sklearn/metrics/classification.py:1135: UndefinedMetricWarning: Precision and F-score are ill-defined and being set to 0.0 in labels with no predicted samples.
  'precision', 'predicted', average, warn_for)
/usr/local/lib/python3.5/dist-packages/sklearn/metrics/classification.py:1137: UndefinedMetricWarning: Recall and F-score are ill-defined and being set to 0.0 in labels with no true samples.
  'recall', 'true', average, warn_for)
2018-01-18 16:31:35,703 : INFO : classification: By class mean scores  :
                     F1         P         R
NegCost       0.166667  0.150000  0.200000
NegEfficacy   0.379524  0.290000  0.600000
NegOthers     0.497364  0.451384  0.563371
NegResistant  0.000000  0.000000  0.000000
NegSafety     0.760606  0.816401  0.714196
Neutral       0.656570  0.689622  0.627675
Positive      0.737832  0.715012  0.762614
Unrelated     0.841798  0.827554  0.857792
2018-01-18 16:31:35,703 : INFO : classification: 10 fold CV micro average - P : 0.7344604155805465 - R : 0.7344604155805465 - F1 : 0.7344604155805465
2018-01-18 16:31:35,703 : INFO : classification: 10 fold CV macro average - P : 0.6369321725225218 - R : 0.6974885211571804 - F1 : 0.6523807898998994
<class 'pandas.core.frame.DataFrame'>
Index: 4636 entries, 621412629727322112 to 633335071777402882
Data columns (total 2 columns):
words    4636 non-null object
label    4636 non-null object
dtypes: object(2)
memory usage: 108.7+ KB
